## SLURM PROLOG ###############################################################
##    Job ID : 15982145
##  Job Name : QOSF
##  Nodelist : node1609
##      CPUs : 1
##  Mem/Node : 524288 MB
## Directory : /gpfs/scratch/mcho4/QOSF-FeMoco2020/src
##   Started : Mon Dec 21 08:33:09 EST 2020
###############################################################################
module: unloading 'python/2.7.12'
module: loading 'python/3.6.6'
module: python: To use: module load mpi/openmpi_3.1.6_gcc for using mpi4py
module: loading 'gcc/8.3'
module: gcc: "Note: loading the gcc module overrides the gcc version on the system.  If you want to revert to the version of gcc provided by the OS, unload the gcc module."
[['Fe', [10.018, -7.568, 56.109]], ['Mo', [16.132, -5.638, 53.306]], ['Fe', [11.99, -5.771, 56.166]], ['Fe', [11.277, -6.902, 53.853]], ['Fe', [12.528, -8.326, 55.692]], ['Fe', [14.82, -7.601, 54.671]], ['Fe', [14.226, -5.072, 55.094]], ['Fe', [13.55, -6.198, 52.849]], ['C', [13.044, -6.665, 54.724]], ['S', [11.719, -7.459, 57.646]], ['S', [16.169, -6.043, 55.618]], ['S', [10.001, -5.522, 55.135]], ['S', [13.162, -3.96, 56.628]], ['S', [14.407, -9.544, 55.751]], ['S', [14.337, -4.109, 53.098]], ['S', [10.718, -8.998, 54.467]], ['S', [15.203, -7.626, 52.454]], ['S', [11.674, -6.465, 51.712]]]
Running run_pyscf...
Time: 1608557593.5369296
====================


******** <class 'pyscf.scf.rohf.ROHF'> ********
method = ROHF-RHF
initial guess = chkfile
damping factor = 0
level_shift factor = 0
DIIS = <class 'pyscf.scf.diis.CDIIS'>
diis_start_cycle = 1
diis_space = 8
SCF conv_tol = 1e-09
SCF conv_tol_grad = None
SCF max_cycles = 0
direct_scf = True
direct_scf_tol = 1e-13
chkfile to save SCF result = rohf.chk
max_memory 4000 MB (current use 165 MB)
num. doubly occ = 186  num. singly occ = 3
Set gradient conv threshold to 3.16228e-05

WARN: Fail in reading rohf.chk. Use MINAO initial guess

init E= -16222.3341870292
  HOMO = -0.228479538532854  LUMO = -0.225359975767645
SCF not converged.
SCF energy = -16222.3341870292
**** SCF Summaries ****
Total Energy =                      -16222.334187029244276
Nuclear Repulsion Energy =            9943.877407312107607
One-electron Energy =               -42251.496219688880956
Two-electron Energy =                16085.284625347527253
**** MO energy ****
                Roothaan           | alpha              | beta
MO #1   energy= -714.457376381466  | -714.457376381466  | -714.457376381466  occ= 2
MO #2   energy= -258.349502641281  | -258.349502641281  | -258.349502641281  occ= 2
MO #3   energy= -258.349418095895  | -258.349418095895  | -258.349418095895  occ= 2
MO #4   energy= -258.347504445984  | -258.347504445984  | -258.347504445984  occ= 2
MO #5   energy= -258.33679857382   | -258.33679857382   | -258.33679857382   occ= 2
MO #6   energy= -258.335929034675  | -258.335929034675  | -258.335929034675  occ= 2
MO #7   energy= -258.326872180578  | -258.326872180577  | -258.326872180577  occ= 2
MO #8   energy= -258.232370326663  | -258.232370326663  | -258.232370326663  occ= 2
MO #9   energy= -101.415999063757  | -101.415999063758  | -101.415999063758  occ= 2
MO #10  energy= -94.7154118273102  | -94.7154118273103  | -94.7154118273103  occ= 2
MO #11  energy= -94.7153244913096  | -94.7153244913092  | -94.7153244913092  occ= 2
MO #12  energy= -94.7153224908393  | -94.7153224908392  | -94.7153224908392  occ= 2
MO #13  energy= -91.6773736931957  | -91.6773736931957  | -91.6773736931957  occ= 2
MO #14  energy= -91.6713331584885  | -91.6713331584884  | -91.6713331584884  occ= 2
MO #15  energy= -91.6710524010769  | -91.6710524010768  | -91.6710524010768  occ= 2
MO #16  energy= -91.643100094277   | -91.643100094277   | -91.643100094277   occ= 2
MO #17  energy= -91.6412165717201  | -91.64121657172    | -91.64121657172    occ= 2
MO #18  energy= -91.6395486830807  | -91.6395486830807  | -91.6395486830807  occ= 2
MO #19  energy= -91.6071147861156  | -91.6071147861156  | -91.6071147861156  occ= 2
MO #20  energy= -91.6015386186547  | -91.6015386186547  | -91.6015386186547  occ= 2
MO #21  energy= -91.5943276295373  | -91.5943276295371  | -91.5943276295371  occ= 2
MO #22  energy= -30.9930749920299  | -30.9930749920299  | -30.9930749920299  occ= 2
MO #23  energy= -30.9929885141666  | -30.9929885141668  | -30.9929885141668  occ= 2
MO #24  energy= -30.9910014258975  | -30.9910014258975  | -30.9910014258975  occ= 2
MO #25  energy= -30.9800945846783  | -30.9800945846784  | -30.9800945846784  occ= 2
MO #26  energy= -30.9792211666977  | -30.9792211666977  | -30.9792211666977  occ= 2
MO #27  energy= -30.9703462950035  | -30.9703462950037  | -30.9703462950037  occ= 2
MO #28  energy= -30.8782453589182  | -30.8782453589182  | -30.8782453589182  occ= 2
MO #29  energy= -26.9421173891296  | -26.9421173891296  | -26.9421173891296  occ= 2
MO #30  energy= -26.9420334465275  | -26.9420334465275  | -26.9420334465275  occ= 2
MO #31  energy= -26.9420180277862  | -26.9420180277861  | -26.9420180277861  occ= 2
MO #32  energy= -26.9419778303359  | -26.9419778303359  | -26.9419778303359  occ= 2
MO #33  energy= -26.9419268766292  | -26.9419268766292  | -26.9419268766292  occ= 2
MO #34  energy= -26.9418856817832  | -26.9418856817832  | -26.9418856817832  occ= 2
MO #35  energy= -26.9401700383602  | -26.9401700383602  | -26.9401700383602  occ= 2
MO #36  energy= -26.9400378897246  | -26.9400378897246  | -26.9400378897246  occ= 2
MO #37  energy= -26.9400113272871  | -26.9400113272872  | -26.9400113272872  occ= 2
MO #38  energy= -26.9288797028129  | -26.9288797028129  | -26.9288797028129  occ= 2
MO #39  energy= -26.9287173991555  | -26.9287173991555  | -26.9287173991555  occ= 2
MO #40  energy= -26.9286724514203  | -26.9286724514203  | -26.9286724514203  occ= 2
MO #41  energy= -26.928075993754   | -26.928075993754   | -26.928075993754   occ= 2
MO #42  energy= -26.927929150223   | -26.927929150223   | -26.927929150223   occ= 2
MO #43  energy= -26.9278581722823  | -26.9278581722823  | -26.9278581722823  occ= 2
MO #44  energy= -26.91941233232    | -26.91941233232    | -26.91941233232    occ= 2
MO #45  energy= -26.9192841235923  | -26.9192841235923  | -26.9192841235923  occ= 2
MO #46  energy= -26.9191519230065  | -26.9191519230065  | -26.9191519230065  occ= 2
MO #47  energy= -26.8279312443883  | -26.8279312443883  | -26.8279312443883  occ= 2
MO #48  energy= -26.8277392641827  | -26.8277392641827  | -26.8277392641827  occ= 2
MO #49  energy= -26.8277156873725  | -26.8277156873724  | -26.8277156873724  occ= 2
MO #50  energy= -18.492746249631   | -18.492746249631   | -18.492746249631   occ= 2
MO #51  energy= -15.7340359620323  | -15.7340359620322  | -15.7340359620322  occ= 2
MO #52  energy= -15.7330164871235  | -15.7330164871236  | -15.7330164871236  occ= 2
MO #53  energy= -15.7329523185625  | -15.7329523185625  | -15.7329523185625  occ= 2
MO #54  energy= -12.016512757909   | -12.0165127579089  | -12.0165127579089  occ= 2
MO #55  energy= -9.54354059045054  | -9.54354059045055  | -9.54354059045055  occ= 2
MO #56  energy= -9.53804902786694  | -9.53804902786695  | -9.53804902786695  occ= 2
MO #57  energy= -9.53786361163166  | -9.53786361163166  | -9.53786361163166  occ= 2
MO #58  energy= -9.51005149662528  | -9.51005149662527  | -9.51005149662527  occ= 2
MO #59  energy= -9.50836382883776  | -9.50836382883776  | -9.50836382883776  occ= 2
MO #60  energy= -9.50679416403437  | -9.50679416403434  | -9.50679416403434  occ= 2
MO #61  energy= -9.47825289317225  | -9.4782528931723   | -9.4782528931723   occ= 2
MO #62  energy= -9.47328481170935  | -9.47328481170929  | -9.47328481170929  occ= 2
MO #63  energy= -9.46689900325559  | -9.46689900325558  | -9.46689900325558  occ= 2
MO #64  energy= -9.31825137599663  | -9.31825137599663  | -9.31825137599663  occ= 2
MO #65  energy= -9.31814139806452  | -9.31814139806453  | -9.31814139806453  occ= 2
MO #66  energy= -9.317854779449    | -9.31785477944899  | -9.31785477944899  occ= 2
MO #67  energy= -9.31700187697474  | -9.31700187697473  | -9.31700187697473  occ= 2
MO #68  energy= -9.31695740654112  | -9.31695740654114  | -9.31695740654114  occ= 2
MO #69  energy= -7.17270055919504  | -7.17270055919504  | -7.17270055919504  occ= 2
MO #70  energy= -7.17214820955346  | -7.17214820955345  | -7.17214820955345  occ= 2
MO #71  energy= -7.17201672662411  | -7.1720167266241   | -7.1720167266241   occ= 2
MO #72  energy= -7.16733241134453  | -7.16733241134452  | -7.16733241134452  occ= 2
MO #73  energy= -7.16708922129077  | -7.16708922129077  | -7.16708922129077  occ= 2
MO #74  energy= -7.16670441436222  | -7.16670441436221  | -7.16670441436221  occ= 2
MO #75  energy= -7.16656221323007  | -7.16656221323005  | -7.16656221323005  occ= 2
MO #76  energy= -7.16637080996355  | -7.16637080996355  | -7.16637080996355  occ= 2
MO #77  energy= -7.16618404667851  | -7.1661840466785   | -7.1661840466785   occ= 2
MO #78  energy= -7.13852271124694  | -7.13852271124694  | -7.13852271124694  occ= 2
MO #79  energy= -7.13789689693052  | -7.13789689693051  | -7.13789689693051  occ= 2
MO #80  energy= -7.13779191344882  | -7.13779191344882  | -7.13779191344882  occ= 2
MO #81  energy= -7.13686164901817  | -7.13686164901816  | -7.13686164901816  occ= 2
MO #82  energy= -7.13621524765137  | -7.13621524765136  | -7.13621524765136  occ= 2
MO #83  energy= -7.13608955704508  | -7.13608955704509  | -7.13608955704509  occ= 2
MO #84  energy= -7.13522317061228  | -7.13522317061228  | -7.13522317061228  occ= 2
MO #85  energy= -7.13455666994802  | -7.13455666994801  | -7.13455666994801  occ= 2
MO #86  energy= -7.13452881340198  | -7.13452881340198  | -7.13452881340198  occ= 2
MO #87  energy= -7.10767472700177  | -7.10767472700178  | -7.10767472700178  occ= 2
MO #88  energy= -7.10720317896507  | -7.10720317896507  | -7.10720317896507  occ= 2
MO #89  energy= -7.10581850924384  | -7.10581850924383  | -7.10581850924383  occ= 2
MO #90  energy= -7.10276650285705  | -7.10276650285706  | -7.10276650285706  occ= 2
MO #91  energy= -7.10227861432146  | -7.10227861432147  | -7.10227861432147  occ= 2
MO #92  energy= -7.10095246425444  | -7.10095246425443  | -7.10095246425443  occ= 2
MO #93  energy= -7.09644544501956  | -7.09644544501956  | -7.09644544501956  occ= 2
MO #94  energy= -7.09594959499028  | -7.09594959499028  | -7.09594959499028  occ= 2
MO #95  energy= -7.09468326185239  | -7.09468326185238  | -7.09468326185238  occ= 2
MO #96  energy= -4.0078116962726   | -4.00781169627257  | -4.00781169627257  occ= 2
MO #97  energy= -3.99813461118488  | -3.99813461118489  | -3.99813461118489  occ= 2
MO #98  energy= -3.99569904821109  | -3.9956990482111   | -3.9956990482111   occ= 2
MO #99  energy= -3.99143081460337  | -3.99143081460338  | -3.99143081460338  occ= 2
MO #100 energy= -3.98268678611363  | -3.98268678611364  | -3.98268678611364  occ= 2
MO #101 energy= -3.97566638998491  | -3.97566638998495  | -3.97566638998495  occ= 2
MO #102 energy= -3.89171400831534  | -3.89171400831531  | -3.89171400831531  occ= 2
MO #103 energy= -3.20251519817146  | -3.20251519817152  | -3.20251519817152  occ= 2
MO #104 energy= -2.6537710357559   | -2.65377103575589  | -2.65377103575589  occ= 2
MO #105 energy= -2.64802854081709  | -2.64802854081708  | -2.64802854081708  occ= 2
MO #106 energy= -2.64295146221638  | -2.64295146221638  | -2.64295146221638  occ= 2
MO #107 energy= -2.639822577723    | -2.63982257772299  | -2.63982257772299  occ= 2
MO #108 energy= -2.63541707919974  | -2.63541707919974  | -2.63541707919974  occ= 2
MO #109 energy= -2.63166446546285  | -2.63166446546284  | -2.63166446546284  occ= 2
MO #110 energy= -2.63125873600988  | -2.63125873600988  | -2.63125873600988  occ= 2
MO #111 energy= -2.62292183918427  | -2.62292183918426  | -2.62292183918426  occ= 2
MO #112 energy= -2.62244147961755  | -2.62244147961755  | -2.62244147961755  occ= 2
MO #113 energy= -2.62165840318358  | -2.62165840318357  | -2.62165840318357  occ= 2
MO #114 energy= -2.62111290469022  | -2.62111290469022  | -2.62111290469022  occ= 2
MO #115 energy= -2.61947971930104  | -2.61947971930104  | -2.61947971930104  occ= 2
MO #116 energy= -2.61821311395866  | -2.61821311395865  | -2.61821311395865  occ= 2
MO #117 energy= -2.61178750444197  | -2.61178750444197  | -2.61178750444197  occ= 2
MO #118 energy= -2.6095450344254   | -2.60954503442539  | -2.60954503442539  occ= 2
MO #119 energy= -2.60593193717925  | -2.60593193717924  | -2.60593193717924  occ= 2
MO #120 energy= -2.60212443617854  | -2.60212443617854  | -2.60212443617854  occ= 2
MO #121 energy= -2.60117706471376  | -2.60117706471375  | -2.60117706471375  occ= 2
MO #122 energy= -2.5250403524144   | -2.52504035241444  | -2.52504035241444  occ= 2
MO #123 energy= -2.52452349522284  | -2.52452349522291  | -2.52452349522291  occ= 2
MO #124 energy= -2.52383737968143  | -2.52383737968141  | -2.52383737968141  occ= 2
MO #125 energy= -2.27237934996687  | -2.27237934996688  | -2.27237934996688  occ= 2
MO #126 energy= -2.2711906306746   | -2.27119063067462  | -2.27119063067462  occ= 2
MO #127 energy= -2.26303886682177  | -2.26303886682177  | -2.26303886682177  occ= 2
MO #128 energy= -1.66637652553659  | -1.66637652553658  | -1.66637652553658  occ= 2
MO #129 energy= -1.60551237173038  | -1.60551237173037  | -1.60551237173037  occ= 2
MO #130 energy= -1.58943476104726  | -1.58943476104726  | -1.58943476104726  occ= 2
MO #131 energy= -1.58796640789508  | -1.58796640789508  | -1.58796640789508  occ= 2
MO #132 energy= -1.57435692741059  | -1.57435692741058  | -1.57435692741058  occ= 2
MO #133 energy= -1.5677900580559   | -1.5677900580559   | -1.5677900580559   occ= 2
MO #134 energy= -1.56582573930848  | -1.56582573930848  | -1.56582573930848  occ= 2
MO #135 energy= -1.53621520635462  | -1.53621520635462  | -1.53621520635462  occ= 2
MO #136 energy= -1.53283382808366  | -1.53283382808366  | -1.53283382808366  occ= 2
MO #137 energy= -1.52804601144505  | -1.52804601144505  | -1.52804601144505  occ= 2
MO #138 energy= -1.05022699337079  | -1.05022699337079  | -1.05022699337079  occ= 2
MO #139 energy= -1.03977966182264  | -1.03977966182264  | -1.03977966182264  occ= 2
MO #140 energy= -1.0391316005526   | -1.0391316005526   | -1.0391316005526   occ= 2
MO #141 energy= -1.01727345365846  | -1.01727345365848  | -1.01727345365848  occ= 2
MO #142 energy= -1.00752428541046  | -1.00752428541046  | -1.00752428541046  occ= 2
MO #143 energy= -1.00408723340871  | -1.00408723340871  | -1.00408723340871  occ= 2
MO #144 energy= -0.994982024622908 | -0.994982024622907 | -0.994982024622907 occ= 2
MO #145 energy= -0.98630584634051  | -0.986305846340513 | -0.986305846340513 occ= 2
MO #146 energy= -0.985880488336509 | -0.985880488336508 | -0.985880488336508 occ= 2
MO #147 energy= -0.971885420304805 | -0.971885420304803 | -0.971885420304803 occ= 2
MO #148 energy= -0.957164423865133 | -0.957164423865131 | -0.957164423865131 occ= 2
MO #149 energy= -0.95550493266566  | -0.955504932665659 | -0.955504932665659 occ= 2
MO #150 energy= -0.949924275698437 | -0.949924275698439 | -0.949924275698439 occ= 2
MO #151 energy= -0.948230644074636 | -0.948230644074636 | -0.948230644074636 occ= 2
MO #152 energy= -0.947159576123167 | -0.947159576123168 | -0.947159576123168 occ= 2
MO #153 energy= -0.941988964443996 | -0.941988964443995 | -0.941988964443995 occ= 2
MO #154 energy= -0.941654609868092 | -0.941654609868093 | -0.941654609868093 occ= 2
MO #155 energy= -0.929768782642714 | -0.929768782642715 | -0.929768782642715 occ= 2
MO #156 energy= -0.926527672555956 | -0.926527672555956 | -0.926527672555956 occ= 2
MO #157 energy= -0.926206249582603 | -0.926206249582602 | -0.926206249582602 occ= 2
MO #158 energy= -0.925828157502196 | -0.925828157502194 | -0.925828157502194 occ= 2
MO #159 energy= -0.911885445115015 | -0.91188544511501  | -0.91188544511501  occ= 2
MO #160 energy= -0.905599703250126 | -0.905599703250128 | -0.905599703250128 occ= 2
MO #161 energy= -0.904967502845594 | -0.904967502845593 | -0.904967502845593 occ= 2
MO #162 energy= -0.902812236959285 | -0.902812236959284 | -0.902812236959284 occ= 2
MO #163 energy= -0.900040850546397 | -0.900040850546396 | -0.900040850546396 occ= 2
MO #164 energy= -0.897992961673857 | -0.897992961673858 | -0.897992961673858 occ= 2
MO #165 energy= -0.89300906607461  | -0.893009066074609 | -0.893009066074609 occ= 2
MO #166 energy= -0.889988568957267 | -0.889988568957267 | -0.889988568957267 occ= 2
MO #167 energy= -0.886148181856824 | -0.886148181856824 | -0.886148181856824 occ= 2
MO #168 energy= -0.561614153047036 | -0.561614153047036 | -0.561614153047036 occ= 2
MO #169 energy= -0.529849704507747 | -0.529849704507745 | -0.529849704507745 occ= 2
MO #170 energy= -0.527051764358772 | -0.527051764358773 | -0.527051764358773 occ= 2
MO #171 energy= -0.447986913277288 | -0.447986913277285 | -0.447986913277285 occ= 2
MO #172 energy= -0.446635446389105 | -0.446635446389105 | -0.446635446389105 occ= 2
MO #173 energy= -0.380833330639227 | -0.380833330639235 | -0.380833330639235 occ= 2
MO #174 energy= -0.357702333134313 | -0.357702333134343 | -0.357702333134343 occ= 2
MO #175 energy= -0.338871203628164 | -0.338871203628173 | -0.338871203628173 occ= 2
MO #176 energy= -0.330513263635904 | -0.330513263635907 | -0.330513263635907 occ= 2
MO #177 energy= -0.328410562623985 | -0.328410562623988 | -0.328410562623988 occ= 2
MO #178 energy= -0.308316589483119 | -0.308316589483121 | -0.308316589483121 occ= 2
MO #179 energy= -0.289071284996962 | -0.289071284996965 | -0.289071284996965 occ= 2
MO #180 energy= -0.284155412513776 | -0.284155412513778 | -0.284155412513778 occ= 2
MO #181 energy= -0.278884464865042 | -0.27888446486504  | -0.27888446486504  occ= 2
MO #182 energy= -0.262686038076323 | -0.262686038076324 | -0.262686038076324 occ= 2
MO #183 energy= -0.259842418360021 | -0.259842418360021 | -0.259842418360021 occ= 2
MO #184 energy= -0.252488428314325 | -0.252488428314321 | -0.252488428314321 occ= 2
MO #185 energy= -0.245941642343524 | -0.245941642343526 | -0.245941642343526 occ= 2
MO #186 energy= -0.239642031746539 | -0.23964203174654  | -0.23964203174654  occ= 2
MO #187 energy= -0.235231802714026 | -0.235231802714027 | -0.235231802714027 occ= 1
MO #188 energy= -0.233150822809841 | -0.233150822809843 | -0.233150822809843 occ= 1
MO #189 energy= -0.228479538532854 | -0.228479538532855 | -0.228479538532855 occ= 1
MO #190 energy= -0.225359975767645 | -0.225359975767645 | -0.225359975767645 occ= 0
MO #191 energy= -0.21385764992876  | -0.213857649928766 | -0.213857649928766 occ= 0
MO #192 energy= -0.187147951726496 | -0.187147951726497 | -0.187147951726497 occ= 0
MO #193 energy= -0.186185528047081 | -0.186185528047079 | -0.186185528047079 occ= 0
MO #194 energy= -0.148637412163259 | -0.148637412163259 | -0.148637412163259 occ= 0
MO #195 energy= -0.138925698377837 | -0.138925698377834 | -0.138925698377834 occ= 0
MO #196 energy= -0.135491269704811 | -0.13549126970481  | -0.13549126970481  occ= 0
MO #197 energy= -0.134457052542607 | -0.134457052542606 | -0.134457052542606 occ= 0
MO #198 energy= -0.103262895165212 | -0.10326289516521  | -0.10326289516521  occ= 0
MO #199 energy= -0.101693453954942 | -0.101693453954942 | -0.101693453954942 occ= 0
MO #200 energy= -0.0825789039290242 | -0.0825789039290236 | -0.0825789039290236 occ= 0
MO #201 energy= -0.0811595571570006 | -0.0811595571569962 | -0.0811595571569962 occ= 0
MO #202 energy= -0.0174780933427854 | -0.0174780933427848 | -0.0174780933427848 occ= 0
MO #203 energy= -0.016792791717476 | -0.0167927917174741 | -0.0167927917174741 occ= 0
MO #204 energy= 0.0167257429119359 | 0.0167257429119367 | 0.0167257429119367 occ= 0
MO #205 energy= 0.0217972205119104 | 0.0217972205119113 | 0.0217972205119113 occ= 0
MO #206 energy= 0.0226930747515842 | 0.0226930747515865 | 0.0226930747515865 occ= 0
MO #207 energy= 0.0315350240064206 | 0.0315350240064229 | 0.0315350240064229 occ= 0
MO #208 energy= 0.0328993052510531 | 0.0328993052510576 | 0.0328993052510576 occ= 0
MO #209 energy= 0.0346731013868093 | 0.0346731013868108 | 0.0346731013868108 occ= 0
MO #210 energy= 0.0495435816520453 | 0.0495435816520415 | 0.0495435816520415 occ= 0
MO #211 energy= 0.0499614502342572 | 0.0499614502342551 | 0.0499614502342551 occ= 0
MO #212 energy= 0.0515567879148711 | 0.0515567879148745 | 0.0515567879148745 occ= 0
MO #213 energy= 0.0641504708746167 | 0.0641504708746206 | 0.0641504708746206 occ= 0
MO #214 energy= 0.0647702955105789 | 0.0647702955105813 | 0.0647702955105813 occ= 0
MO #215 energy= 0.0668108900065498 | 0.0668108900065511 | 0.0668108900065511 occ= 0
MO #216 energy= 0.0675552089997649 | 0.0675552089997663 | 0.0675552089997663 occ= 0
MO #217 energy= 0.0725764124351283 | 0.0725764124351301 | 0.0725764124351301 occ= 0
MO #218 energy= 0.0875250954875786 | 0.0875250954875799 | 0.0875250954875799 occ= 0
MO #219 energy= 0.0904387178986813 | 0.0904387178986822 | 0.0904387178986822 occ= 0
MO #220 energy= 0.0928766146655321 | 0.092876614665531  | 0.092876614665531  occ= 0
MO #221 energy= 0.0949875745864093 | 0.0949875745864146 | 0.0949875745864146 occ= 0
MO #222 energy= 0.0976818365307783 | 0.0976818365307787 | 0.0976818365307787 occ= 0
MO #223 energy= 0.0989971787966999 | 0.0989971787967018 | 0.0989971787967018 occ= 0
MO #224 energy= 0.134379453061685  | 0.134379453061686  | 0.134379453061686  occ= 0
MO #225 energy= 0.137225685878487  | 0.137225685878493  | 0.137225685878493  occ= 0
MO #226 energy= 0.139356291732169  | 0.139356291732191  | 0.139356291732191  occ= 0
MO #227 energy= 0.140313814981699  | 0.140313814981707  | 0.140313814981707  occ= 0
MO #228 energy= 0.144076497580947  | 0.144076497580949  | 0.144076497580949  occ= 0
MO #229 energy= 0.154421948038961  | 0.154421948038989  | 0.154421948038989  occ= 0
MO #230 energy= 0.155843316317731  | 0.155843316317746  | 0.155843316317746  occ= 0
MO #231 energy= 0.207888767301666  | 0.207888767301652  | 0.207888767301652  occ= 0
MO #232 energy= 0.222433292275681  | 0.222433292275685  | 0.222433292275685  occ= 0
MO #233 energy= 0.228340206551462  | 0.228340206551462  | 0.228340206551462  occ= 0
MO #234 energy= 0.268642916936544  | 0.268642916936521  | 0.268642916936521  occ= 0
MO #235 energy= 0.272138801465317  | 0.272138801465318  | 0.272138801465318  occ= 0
MO #236 energy= 0.27703151330398   | 0.277031513304002  | 0.277031513304002  occ= 0
MO #237 energy= 0.284806515716335  | 0.284806515716339  | 0.284806515716339  occ= 0
MO #238 energy= 0.291798234945317  | 0.291798234945319  | 0.291798234945319  occ= 0
MO #239 energy= 0.313108461900227  | 0.313108461900211  | 0.313108461900211  occ= 0
 ** Mulliken pop on meta-lowdin orthogonal AOs  **
 ** Mulliken pop  **
pop of  0 Fe 1s        2.00000
pop of  0 Fe 2s        1.99994
pop of  0 Fe 3s        1.99907
pop of  0 Fe 4s        1.90602
pop of  0 Fe 2px       1.99999
pop of  0 Fe 2py       1.99999
pop of  0 Fe 2pz       1.99999
pop of  0 Fe 3px       1.99226
pop of  0 Fe 3py       1.99201
pop of  0 Fe 3pz       1.99183
pop of  0 Fe 4px       0.62639
pop of  0 Fe 4py       0.31800
pop of  0 Fe 4pz       0.31830
pop of  0 Fe 3dxy      0.03355
pop of  0 Fe 3dyz      0.03997
pop of  0 Fe 3dz^2     0.03733
pop of  0 Fe 3dxz      0.04459
pop of  0 Fe 3dx2-y2    0.05453
pop of  1 Mo 1s        2.00000
pop of  1 Mo 2s        1.99997
pop of  1 Mo 3s        1.99986
pop of  1 Mo 4s        1.99998
pop of  1 Mo 5s        1.88067
pop of  1 Mo 2px       2.00000
pop of  1 Mo 2py       2.00000
pop of  1 Mo 2pz       2.00000
pop of  1 Mo 3px       1.99992
pop of  1 Mo 3py       1.99993
pop of  1 Mo 3pz       1.99993
pop of  1 Mo 4px       1.99735
pop of  1 Mo 4py       1.99769
pop of  1 Mo 4pz       1.99767
pop of  1 Mo 5px       0.36037
pop of  1 Mo 5py       0.16615
pop of  1 Mo 5pz       0.19888
pop of  1 Mo 3dxy      1.99978
pop of  1 Mo 3dyz      1.99983
pop of  1 Mo 3dz^2     1.99982
pop of  1 Mo 3dxz      1.99974
pop of  1 Mo 3dx2-y2    1.99976
pop of  1 Mo 4dxy      1.92306
pop of  1 Mo 4dyz      1.88598
pop of  1 Mo 4dz^2     1.90750
pop of  1 Mo 4dxz      1.90328
pop of  1 Mo 4dx2-y2    1.90602
pop of  2 Fe 1s        2.00000
pop of  2 Fe 2s        1.99995
pop of  2 Fe 3s        1.99924
pop of  2 Fe 4s        1.76102
pop of  2 Fe 2px       1.99999
pop of  2 Fe 2py       1.99998
pop of  2 Fe 2pz       1.99999
pop of  2 Fe 3px       1.99207
pop of  2 Fe 3py       1.99056
pop of  2 Fe 3pz       1.99402
pop of  2 Fe 4px       0.85349
pop of  2 Fe 4py       0.55331
pop of  2 Fe 4pz       0.96347
pop of  2 Fe 3dxy      0.18069
pop of  2 Fe 3dyz      0.23613
pop of  2 Fe 3dz^2     0.12591
pop of  2 Fe 3dxz      0.14186
pop of  2 Fe 3dx2-y2    0.17251
pop of  3 Fe 1s        2.00000
pop of  3 Fe 2s        1.99995
pop of  3 Fe 3s        1.99925
pop of  3 Fe 4s        1.79642
pop of  3 Fe 2px       1.99999
pop of  3 Fe 2py       1.99999
pop of  3 Fe 2pz       1.99998
pop of  3 Fe 3px       1.99414
pop of  3 Fe 3py       1.99347
pop of  3 Fe 3pz       1.98897
pop of  3 Fe 4px       1.10966
pop of  3 Fe 4py       0.84451
pop of  3 Fe 4pz       0.40175
pop of  3 Fe 3dxy      0.12801
pop of  3 Fe 3dyz      0.13153
pop of  3 Fe 3dz^2     0.20670
pop of  3 Fe 3dxz      0.25637
pop of  3 Fe 3dx2-y2    0.15553
pop of  4 Fe 1s        2.00000
pop of  4 Fe 2s        1.99995
pop of  4 Fe 3s        1.99931
pop of  4 Fe 4s        1.87149
pop of  4 Fe 2px       1.99998
pop of  4 Fe 2py       1.99999
pop of  4 Fe 2pz       1.99999
pop of  4 Fe 3px       1.98954
pop of  4 Fe 3py       1.99308
pop of  4 Fe 3pz       1.99411
pop of  4 Fe 4px       0.58008
pop of  4 Fe 4py       0.85889
pop of  4 Fe 4pz       0.94965
pop of  4 Fe 3dxy      0.19176
pop of  4 Fe 3dyz      0.19406
pop of  4 Fe 3dz^2     0.14847
pop of  4 Fe 3dxz      0.13644
pop of  4 Fe 3dx2-y2    0.20928
pop of  5 Fe 1s        2.00000
pop of  5 Fe 2s        1.99994
pop of  5 Fe 3s        1.99923
pop of  5 Fe 4s        1.84863
pop of  5 Fe 2px       1.99999
pop of  5 Fe 2py       1.99998
pop of  5 Fe 2pz       1.99999
pop of  5 Fe 3px       1.99301
pop of  5 Fe 3py       1.99018
pop of  5 Fe 3pz       1.99203
pop of  5 Fe 4px       0.86695
pop of  5 Fe 4py       0.49556
pop of  5 Fe 4pz       0.61445
pop of  5 Fe 3dxy      0.23201
pop of  5 Fe 3dyz      0.12676
pop of  5 Fe 3dz^2     0.12486
pop of  5 Fe 3dxz      0.10946
pop of  5 Fe 3dx2-y2    0.15685
pop of  6 Fe 1s        2.00000
pop of  6 Fe 2s        1.99993
pop of  6 Fe 3s        1.99881
pop of  6 Fe 4s        1.33722
pop of  6 Fe 2px       1.99998
pop of  6 Fe 2py       1.99999
pop of  6 Fe 2pz       1.99998
pop of  6 Fe 3px       1.99081
pop of  6 Fe 3py       1.99232
pop of  6 Fe 3pz       1.99070
pop of  6 Fe 4px       0.56923
pop of  6 Fe 4py       0.69812
pop of  6 Fe 4pz       0.50164
pop of  6 Fe 3dxy      0.13150
pop of  6 Fe 3dyz      0.21422
pop of  6 Fe 3dz^2     0.11832
pop of  6 Fe 3dxz      0.15619
pop of  6 Fe 3dx2-y2    0.17959
pop of  7 Fe 1s        2.00000
pop of  7 Fe 2s        1.99993
pop of  7 Fe 3s        1.99897
pop of  7 Fe 4s        1.54034
pop of  7 Fe 2px       1.99998
pop of  7 Fe 2py       1.99999
pop of  7 Fe 2pz       1.99999
pop of  7 Fe 3px       1.98903
pop of  7 Fe 3py       1.99270
pop of  7 Fe 3pz       1.99279
pop of  7 Fe 4px       0.41270
pop of  7 Fe 4py       0.64813
pop of  7 Fe 4pz       0.80918
pop of  7 Fe 3dxy      0.12084
pop of  7 Fe 3dyz      0.10211
pop of  7 Fe 3dz^2     0.22490
pop of  7 Fe 3dxz      0.20452
pop of  7 Fe 3dx2-y2    0.13700
pop of  8 C 1s        1.99997
pop of  8 C 2s        1.96051
pop of  8 C 2px       1.84666
pop of  8 C 2py       1.91064
pop of  8 C 2pz       1.90498
pop of  9 S 1s        2.00000
pop of  9 S 2s        1.99985
pop of  9 S 3s        1.98246
pop of  9 S 2px       1.99972
pop of  9 S 2py       1.99978
pop of  9 S 2pz       1.99983
pop of  9 S 3px       1.94677
pop of  9 S 3py       1.95199
pop of  9 S 3pz       1.95011
pop of  10 S 1s        2.00000
pop of  10 S 2s        1.99979
pop of  10 S 3s        1.97284
pop of  10 S 2px       1.99976
pop of  10 S 2py       1.99970
pop of  10 S 2pz       1.99969
pop of  10 S 3px       1.92668
pop of  10 S 3py       1.93683
pop of  10 S 3pz       1.93987
pop of  11 S 1s        2.00000
pop of  11 S 2s        1.99985
pop of  11 S 3s        1.97997
pop of  11 S 2px       1.99977
pop of  11 S 2py       1.99976
pop of  11 S 2pz       1.99974
pop of  11 S 3px       1.93640
pop of  11 S 3py       1.94760
pop of  11 S 3pz       1.94329
pop of  12 S 1s        2.00000
pop of  12 S 2s        1.99983
pop of  12 S 3s        1.97670
pop of  12 S 2px       1.99969
pop of  12 S 2py       1.99985
pop of  12 S 2pz       1.99983
pop of  12 S 3px       1.90685
pop of  12 S 3py       1.95472
pop of  12 S 3pz       1.94213
pop of  13 S 1s        2.00000
pop of  13 S 2s        1.99985
pop of  13 S 3s        1.98602
pop of  13 S 2px       1.99974
pop of  13 S 2py       1.99985
pop of  13 S 2pz       1.99991
pop of  13 S 3px       1.94197
pop of  13 S 3py       1.95930
pop of  13 S 3pz       1.97453
pop of  14 S 1s        2.00000
pop of  14 S 2s        1.99977
pop of  14 S 3s        1.96572
pop of  14 S 2px       1.99968
pop of  14 S 2py       1.99973
pop of  14 S 2pz       1.99964
pop of  14 S 3px       1.93068
pop of  14 S 3py       1.92523
pop of  14 S 3pz       1.90997
pop of  15 S 1s        2.00000
pop of  15 S 2s        1.99985
pop of  15 S 3s        1.98272
pop of  15 S 2px       1.99977
pop of  15 S 2py       1.99980
pop of  15 S 2pz       1.99976
pop of  15 S 3px       1.94971
pop of  15 S 3py       1.94763
pop of  15 S 3pz       1.95306
pop of  16 S 1s        2.00000
pop of  16 S 2s        1.99981
pop of  16 S 3s        1.97483
pop of  16 S 2px       1.99971
pop of  16 S 2py       1.99969
pop of  16 S 2pz       1.99976
pop of  16 S 3px       1.92922
pop of  16 S 3py       1.93571
pop of  16 S 3pz       1.94554
pop of  17 S 1s        2.00000
pop of  17 S 2s        1.99984
pop of  17 S 3s        1.98157
pop of  17 S 2px       1.99969
pop of  17 S 2py       1.99993
pop of  17 S 2pz       1.99981
pop of  17 S 3px       1.90840
pop of  17 S 3py       1.97790
pop of  17 S 3pz       1.94541
 ** Mulliken atomic charges  **
charge of  0Fe =      4.64626
charge of  1Mo =     -6.12313
charge of  2Fe =      3.03581
charge of  3Fe =      2.99378
charge of  4Fe =      2.88393
charge of  5Fe =      3.45012
charge of  6Fe =      4.12145
charge of  7Fe =      3.82690
charge of  8C =     -3.62276
charge of  9S =     -1.83052
charge of  10S =     -1.77517
charge of  11S =     -1.80638
charge of  12S =     -1.77960
charge of  13S =     -1.86118
charge of  14S =     -1.73042
charge of  15S =     -1.83230
charge of  16S =     -1.78426
charge of  17S =     -1.81254
Dipole moment(X, Y, Z, Debye): -201.33771, -2.86690, -200.29837
/var/spool/slurmd/job15982145/slurm_script: line 25: 14044 Bus error               python3 ./src/gen_hamiltonian.py
slurmstepd: error: Exceeded step memory limit at some point.
